[    0.000000] Linux version 4.15.0-136-generic (buildd@lcy01-amd64-029) (gcc version 7.5.0 (Ubuntu 7.5.0-3ubuntu1~18.04)) #140-Ubuntu SMP Thu Jan 28 05:20:47 UTC 2021 (Ubuntu 4.15.0-136.140-generic 4.15.18)
[    0.000000] Command line: BOOT_IMAGE=/boot/vmlinuz-4.15.0-136-generic root=UUID=9b30f074-6007-4b7f-a791-a625da9de213 ro console=tty1 console=ttyS0
[    0.000000] KERNEL supported cpus:
[    0.000000]   Intel GenuineIntel
[    0.000000]   AMD AuthenticAMD
[    0.000000]   Centaur CentaurHauls
[    0.000000] x86/fpu: Supporting XSAVE feature 0x001: 'x87 floating point registers'
[    0.000000] x86/fpu: Supporting XSAVE feature 0x002: 'SSE registers'
[    0.000000] x86/fpu: Supporting XSAVE feature 0x004: 'AVX registers'
[    0.000000] x86/fpu: xstate_offset[2]:  576, xstate_sizes[2]:  256
[    0.000000] x86/fpu: Enabled xstate features 0x7, context size is 832 bytes, using 'standard' format.
[    0.000000] e820: BIOS-provided physical RAM map:
[    0.000000] BIOS-e820: [mem 0x0000000000000000-0x000000000009fbff] usable
[    0.000000] BIOS-e820: [mem 0x000000000009fc00-0x000000000009ffff] reserved
[    0.000000] BIOS-e820: [mem 0x00000000000f0000-0x00000000000fffff] reserved
[    0.000000] BIOS-e820: [mem 0x0000000000100000-0x000000003ffeffff] usable
[    0.000000] BIOS-e820: [mem 0x000000003fff0000-0x000000003fffffff] ACPI data
[    0.000000] BIOS-e820: [mem 0x00000000fec00000-0x00000000fec00fff] reserved
[    0.000000] BIOS-e820: [mem 0x00000000fee00000-0x00000000fee00fff] reserved
[    0.000000] BIOS-e820: [mem 0x00000000fffc0000-0x00000000ffffffff] reserved
[    0.000000] NX (Execute Disable) protection: active
[    0.000000] SMBIOS 2.5 present.
[    0.000000] DMI: innotek GmbH VirtualBox/VirtualBox, BIOS VirtualBox 12/01/2006
[    0.000000] Hypervisor detected: KVM
[    0.000000] e820: last_pfn = 0x3fff0 max_arch_pfn = 0x400000000
[    0.000000] MTRR: Disabled
[    0.000000] x86/PAT: MTRRs disabled, skipping PAT initialization too.
[    0.000000] CPU MTRRs all blank - virtualized system.
[    0.000000] x86/PAT: Configuration [0-7]: WB  WT  UC- UC  WB  WT  UC- UC  
[    0.000000] found SMP MP-table at [mem 0x0009fff0-0x0009ffff]
[    0.000000] Scanning 1 areas for low memory corruption
[    0.000000] RAMDISK: [mem 0x3106f000-0x3482efff]
[    0.000000] ACPI: Early table checksum verification disabled
[    0.000000] ACPI: RSDP 0x00000000000E0000 000024 (v02 VBOX  )
[    0.000000] ACPI: XSDT 0x000000003FFF0030 00003C (v01 VBOX   VBOXXSDT 00000001 ASL  00000061)
[    0.000000] ACPI: FACP 0x000000003FFF00F0 0000F4 (v04 VBOX   VBOXFACP 00000001 ASL  00000061)
[    0.000000] ACPI: DSDT 0x000000003FFF0470 0022EA (v02 VBOX   VBOXBIOS 00000002 INTL 20190509)
[    0.000000] ACPI: FACS 0x000000003FFF0200 000040
[    0.000000] ACPI: FACS 0x000000003FFF0200 000040
[    0.000000] ACPI: APIC 0x000000003FFF0240 00005C (v02 VBOX   VBOXAPIC 00000001 ASL  00000061)
[    0.000000] ACPI: SSDT 0x000000003FFF02A0 0001CC (v01 VBOX   VBOXCPUT 00000002 INTL 20190509)
[    0.000000] No NUMA configuration found
[    0.000000] Faking a node at [mem 0x0000000000000000-0x000000003ffeffff]
[    0.000000] NODE_DATA(0) allocated [mem 0x3ffc5000-0x3ffeffff]
[    0.000000] kvm-clock: cpu 0, msr 0:3ff44001, primary cpu clock
[    0.000000] kvm-clock: Using msrs 4b564d01 and 4b564d00
[    0.000000] kvm-clock: using sched offset of 4163170937 cycles
[    0.000000] clocksource: kvm-clock: mask: 0xffffffffffffffff max_cycles: 0x1cd42e4dffb, max_idle_ns: 881590591483 ns
[    0.000000] Zone ranges:
[    0.000000]   DMA      [mem 0x0000000000001000-0x0000000000ffffff]
[    0.000000]   DMA32    [mem 0x0000000001000000-0x000000003ffeffff]
[    0.000000]   Normal   empty
[    0.000000]   Device   empty
[    0.000000] Movable zone start for each node
[    0.000000] Early memory node ranges
[    0.000000]   node   0: [mem 0x0000000000001000-0x000000000009efff]
[    0.000000]   node   0: [mem 0x0000000000100000-0x000000003ffeffff]
[    0.000000] Reserved but unavailable: 98 pages
[    0.000000] Initmem setup node 0 [mem 0x0000000000001000-0x000000003ffeffff]
[    0.000000] ACPI: PM-Timer IO Port: 0x4008
[    0.000000] IOAPIC[0]: apic_id 2, version 32, address 0xfec00000, GSI 0-23
[    0.000000] ACPI: INT_SRC_OVR (bus 0 bus_irq 0 global_irq 2 dfl dfl)
[    0.000000] ACPI: INT_SRC_OVR (bus 0 bus_irq 9 global_irq 9 low level)
[    0.000000] Using ACPI (MADT) for SMP configuration information
[    0.000000] smpboot: Allowing 2 CPUs, 0 hotplug CPUs
[    0.000000] PM: Registered nosave memory: [mem 0x00000000-0x00000fff]
[    0.000000] PM: Registered nosave memory: [mem 0x0009f000-0x0009ffff]
[    0.000000] PM: Registered nosave memory: [mem 0x000a0000-0x000effff]
[    0.000000] PM: Registered nosave memory: [mem 0x000f0000-0x000fffff]
[    0.000000] e820: [mem 0x40000000-0xfebfffff] available for PCI devices
[    0.000000] Booting paravirtualized kernel on KVM
[    0.000000] clocksource: refined-jiffies: mask: 0xffffffff max_cycles: 0xffffffff, max_idle_ns: 7645519600211568 ns
[    0.000000] random: get_random_bytes called from start_kernel+0x99/0x500 with crng_init=0
[    0.000000] setup_percpu: NR_CPUS:8192 nr_cpumask_bits:2 nr_cpu_ids:2 nr_node_ids:1
[    0.000000] percpu: Embedded 45 pages/cpu s147456 r8192 d28672 u1048576
[    0.000000] PV qspinlock hash table entries: 256 (order: 0, 4096 bytes)
[    0.000000] Built 1 zonelists, mobility grouping on.  Total pages: 257913
[    0.000000] Policy zone: DMA32
[    0.000000] Kernel command line: BOOT_IMAGE=/boot/vmlinuz-4.15.0-136-generic root=UUID=9b30f074-6007-4b7f-a791-a625da9de213 ro console=tty1 console=ttyS0
[    0.000000] Memory: 945156K/1048120K available (12300K kernel code, 2482K rwdata, 4276K rodata, 2440K init, 2724K bss, 102964K reserved, 0K cma-reserved)
[    0.000000] SLUB: HWalign=64, Order=0-3, MinObjects=0, CPUs=2, Nodes=1
[    0.000000] Kernel/User page tables isolation: enabled
[    0.000000] ftrace: allocating 39427 entries in 155 pages
[    0.004000] Hierarchical RCU implementation.
[    0.004000] 	RCU restricting CPUs from NR_CPUS=8192 to nr_cpu_ids=2.
[    0.004000] 	Tasks RCU enabled.
[    0.004000] RCU: Adjusting geometry for rcu_fanout_leaf=16, nr_cpu_ids=2
[    0.004000] NR_IRQS: 524544, nr_irqs: 440, preallocated irqs: 16
[    0.004000] Console: colour VGA+ 80x25
[    0.004000] console [tty1] enabled
[    0.004000] console [ttyS0] enabled
[    0.004000] ACPI: Core revision 20170831
[    0.004000] ACPI: 2 ACPI AML tables successfully acquired and loaded
[    0.004000] APIC: Switch to symmetric I/O mode setup
[    0.004000] x2apic enabled
[    0.004000] Switched APIC routing to physical x2apic.
[    0.004000] ..TIMER: vector=0x30 apic1=0 pin1=2 apic2=-1 pin2=-1
[    0.004000] tsc: Detected 3092.974 MHz processor
[    0.004010] Calibrating delay loop (skipped) preset value.. 6185.94 BogoMIPS (lpj=12371896)
[    0.005073] pid_max: default: 32768 minimum: 301
[    0.005840] Security Framework initialized
[    0.006394] Yama: becoming mindful.
[    0.006913] AppArmor: AppArmor initialized
[    0.007660] Dentry cache hash table entries: 131072 (order: 8, 1048576 bytes)
[    0.008064] Inode-cache hash table entries: 65536 (order: 7, 524288 bytes)
[    0.009007] Mount-cache hash table entries: 2048 (order: 2, 16384 bytes)
[    0.009920] Mountpoint-cache hash table entries: 2048 (order: 2, 16384 bytes)
[    0.011119] Last level iTLB entries: 4KB 512, 2MB 8, 4MB 8
[    0.012002] Last level dTLB entries: 4KB 512, 2MB 32, 4MB 32, 1GB 0
[    0.012848] Spectre V1 : Mitigation: usercopy/swapgs barriers and __user pointer sanitization
[    0.013982] Spectre V2 : Mitigation: Full generic retpoline
[    0.016001] Spectre V2 : Spectre v2 / SpectreRSB mitigation: Filling RSB on context switch
[    0.017092] Speculative Store Bypass: Vulnerable
[    0.017783] SRBDS: Unknown: Dependent on hypervisor status
[    0.018490] MDS: Mitigation: Clear CPU buffers
[    0.019423] Freeing SMP alternatives memory: 36K
[    0.129720] smpboot: CPU0: Intel(R) Core(TM) i7-3770S CPU @ 3.10GHz (family: 0x6, model: 0x3a, stepping: 0x9)
[    0.131258] Performance Events: unsupported p6 CPU model 58 no PMU driver, software events only.
[    0.132000] Hierarchical SRCU implementation.
[    0.132585] NMI watchdog: Perf event create on CPU 0 failed with -2
[    0.133703] NMI watchdog: Perf NMI watchdog permanently disabled
[    0.134847] smp: Bringing up secondary CPUs ...
[    0.135798] x86: Booting SMP configuration:
[    0.136003] .... node  #0, CPUs:      #1
[    0.004000] kvm-clock: cpu 1, msr 0:3ff44041, secondary cpu clock
[    0.140031] smp: Brought up 1 node, 2 CPUs
[    0.140803] smpboot: Max logical packages: 1
[    0.141484] smpboot: Total of 2 processors activated (12371.89 BogoMIPS)
[    0.142677] devtmpfs: initialized
[    0.144062] x86/mm: Memory block size: 128MB
[    0.144953] evm: security.selinux
[    0.145604] evm: security.SMACK64
[    0.146303] evm: security.SMACK64EXEC
[    0.146890] evm: security.SMACK64TRANSMUTE
[    0.147528] evm: security.SMACK64MMAP
[    0.148003] evm: security.apparmor
[    0.148610] evm: security.ima
[    0.149188] evm: security.capability
[    0.149798] clocksource: jiffies: mask: 0xffffffff max_cycles: 0xffffffff, max_idle_ns: 7645041785100000 ns
[    0.149798] futex hash table entries: 512 (order: 3, 32768 bytes)
[    0.152498] pinctrl core: initialized pinctrl subsystem
[    0.153433] RTC time: 11:39:15, date: 03/02/21
[    0.154370] NET: Registered protocol family 16
[    0.155154] audit: initializing netlink subsys (disabled)
[    0.156040] audit: type=2000 audit(1614685161.417:1): state=initialized audit_enabled=0 res=1
[    0.157729] cpuidle: using governor ladder
[    0.157729] cpuidle: using governor menu
[    0.157729] ACPI: bus type PCI registered
[    0.160004] acpiphp: ACPI Hot Plug PCI Controller Driver version: 0.5
[    0.160941] PCI: Using configuration type 1 for base access
[    0.161746] HugeTLB registered 2.00 MiB page size, pre-allocated 0 pages
[    0.164073] ACPI: Added _OSI(Module Device)
[    0.164663] ACPI: Added _OSI(Processor Device)
[    0.165315] ACPI: Added _OSI(3.0 _SCP Extensions)
[    0.166002] ACPI: Added _OSI(Processor Aggregator Device)
[    0.166775] ACPI: Added _OSI(Linux-Dell-Video)
[    0.168004] ACPI: Added _OSI(Linux-Lenovo-NV-HDMI-Audio)
[    0.168819] ACPI: Added _OSI(Linux-HPI-Hybrid-Graphics)
[    0.169785] ACPI: Executed 1 blocks of module-level executable AML code
[    0.173222] ACPI: Interpreter enabled
[    0.176018] ACPI: (supports S0 S5)
[    0.176602] ACPI: Using IOAPIC for interrupt routing
[    0.177525] PCI: Using host bridge windows from ACPI; if necessary, use "pci=nocrs" and report a bug
[    0.179053] ACPI: Enabled 2 GPEs in block 00 to 07
[    0.185349] ACPI: PCI Root Bridge [PCI0] (domain 0000 [bus 00-ff])
[    0.186254] acpi PNP0A03:00: _OSC: OS supports [ASPM ClockPM Segments MSI]
[    0.187691] acpi PNP0A03:00: _OSC: not requesting OS control; OS requires [ExtendedConfig ASPM ClockPM MSI]
[    0.188012] acpi PNP0A03:00: fail to add MMCONFIG information, can't access extended PCI configuration space under this bridge.
[    0.190010] PCI host bridge to bus 0000:00
[    0.190673] pci_bus 0000:00: root bus resource [io  0x0000-0x0cf7 window]
[    0.192003] pci_bus 0000:00: root bus resource [io  0x0d00-0xffff window]
[    0.192943] pci_bus 0000:00: root bus resource [mem 0x000a0000-0x000bffff window]
[    0.195588] pci_bus 0000:00: root bus resource [mem 0x40000000-0xfdffffff window]
[    0.196004] pci_bus 0000:00: root bus resource [bus 00-ff]
[    0.201166] pci 0000:00:01.1: legacy IDE quirk: reg 0x10: [io  0x01f0-0x01f7]
[    0.202191] pci 0000:00:01.1: legacy IDE quirk: reg 0x14: [io  0x03f6]
[    0.203206] pci 0000:00:01.1: legacy IDE quirk: reg 0x18: [io  0x0170-0x0177]
[    0.204006] pci 0000:00:01.1: legacy IDE quirk: reg 0x1c: [io  0x0376]
[    0.224143] pci 0000:00:07.0: quirk: [io  0x4000-0x403f] claimed by PIIX4 ACPI
[    0.225631] pci 0000:00:07.0: quirk: [io  0x4100-0x410f] claimed by PIIX4 SMB
[    0.240462] ACPI: PCI Interrupt Link [LNKA] (IRQs 5 9 10 *11)
[    0.241821] ACPI: PCI Interrupt Link [LNKB] (IRQs 5 9 *10 11)
[    0.242923] ACPI: PCI Interrupt Link [LNKC] (IRQs 5 *9 10 11)
[    0.244135] ACPI: PCI Interrupt Link [LNKD] (IRQs 5 9 10 *11)
[    0.245592] SCSI subsystem initialized
[    0.246348] pci 0000:00:02.0: vgaarb: setting as boot VGA device
[    0.246348] pci 0000:00:02.0: vgaarb: VGA device added: decodes=io+mem,owns=io+mem,locks=none
[    0.248022] pci 0000:00:02.0: vgaarb: bridge control possible
[    0.249188] vgaarb: loaded
[    0.249725] ACPI: bus type USB registered
[    0.250541] usbcore: registered new interface driver usbfs
[    0.252025] usbcore: registered new interface driver hub
[    0.252997] usbcore: registered new device driver usb
[    0.254127] EDAC MC: Ver: 3.0.0
[    0.254127] PCI: Using ACPI for IRQ routing
[    0.256304] NetLabel: Initializing
[    0.256918] NetLabel:  domain hash size = 128
[    0.257559] NetLabel:  protocols = UNLABELED CIPSOv4 CALIPSO
[    0.258357] NetLabel:  unlabeled traffic allowed by default
[    0.260681] clocksource: Switched to clocksource kvm-clock
[    0.270404] VFS: Disk quotas dquot_6.6.0
[    0.271247] VFS: Dquot-cache hash table entries: 512 (order 0, 4096 bytes)
[    0.272588] AppArmor: AppArmor Filesystem Enabled
[    0.273525] pnp: PnP ACPI init
[    0.275019] pnp: PnP ACPI: found 3 devices
[    0.285182] clocksource: acpi_pm: mask: 0xffffff max_cycles: 0xffffff, max_idle_ns: 2085701024 ns
[    0.286875] NET: Registered protocol family 2
[    0.287763] TCP established hash table entries: 8192 (order: 4, 65536 bytes)
[    0.289412] TCP bind hash table entries: 8192 (order: 5, 131072 bytes)
[    0.290320] TCP: Hash tables configured (established 8192 bind 8192)
[    0.291225] UDP hash table entries: 512 (order: 2, 16384 bytes)
[    0.292043] UDP-Lite hash table entries: 512 (order: 2, 16384 bytes)
[    0.292947] NET: Registered protocol family 1
[    0.293587] pci 0000:00:00.0: Limiting direct PCI/PCI transfers
[    0.294383] pci 0000:00:01.0: Activating ISA DMA hang workarounds
[    0.295212] pci 0000:00:02.0: Video device with shadowed ROM at [mem 0x000c0000-0x000dffff]
[    0.299645] Unpacking initramfs...
[    0.890328] Freeing initrd memory: 57088K
[    0.891059] clocksource: tsc: mask: 0xffffffffffffffff max_cycles: 0x2c955ac38be, max_idle_ns: 440795348546 ns
[    0.892497] platform rtc_cmos: registered platform RTC device (no PNP device found)
[    0.893642] Scanning for low memory corruption every 60 seconds
[    0.895209] Initialise system trusted keyrings
[    0.896049] Key type blacklist registered
[    0.896760] workingset: timestamp_bits=36 max_order=18 bucket_order=0
[    0.898504] zbud: loaded
[    0.899339] squashfs: version 4.0 (2009/01/31) Phillip Lougher
[    0.900391] fuse init (API version 7.26)
[    0.903015] Key type asymmetric registered
[    0.903678] Asymmetric key parser 'x509' registered
[    0.904479] Block layer SCSI generic (bsg) driver version 0.4 loaded (major 246)
[    0.905592] io scheduler noop registered
[    0.906262] io scheduler deadline registered
[    0.906946] io scheduler cfq registered (default)
[    0.907891] ACPI: AC Adapter [AC] (on-line)
[    0.908591] input: Power Button as /devices/LNXSYSTM:00/LNXPWRBN:00/input/input0
[    0.909700] ACPI: Power Button [PWRF]
[    0.910313] input: Sleep Button as /devices/LNXSYSTM:00/LNXSLPBN:00/input/input1
[    0.911324] ACPI: Sleep Button [SLPF]
[    0.912129] Serial: 8250/16550 driver, 32 ports, IRQ sharing enabled
[    0.933493] 00:02: ttyS0 at I/O 0x3f8 (irq = 4, base_baud = 115200) is a 16550A
[    0.937197] Linux agpgart interface v0.103
[    0.939481] loop: module loaded
[    0.940494] scsi host0: ata_piix
[    0.941152] scsi host1: ata_piix
[    0.941693] ata1: PATA max UDMA/33 cmd 0x1f0 ctl 0x3f6 bmdma 0xd000 irq 14
[    0.942636] ata2: PATA max UDMA/33 cmd 0x170 ctl 0x376 bmdma 0xd008 irq 15
[    0.943675] libphy: Fixed MDIO Bus: probed
[    0.944488] tun: Universal TUN/TAP device driver, 1.6
[    0.945263] PPP generic driver version 2.4.2
[    0.946066] ehci_hcd: USB 2.0 'Enhanced' Host Controller (EHCI) Driver
[    0.946950] ehci-pci: EHCI PCI platform driver
[    0.948189] ehci-pci 0000:00:0b.0: EHCI Host Controller
[    0.948919] ehci-pci 0000:00:0b.0: new USB bus registered, assigned bus number 1
[    0.950107] ehci-pci 0000:00:0b.0: irq 19, io mem 0xf0805000
[    0.964107] ehci-pci 0000:00:0b.0: USB 2.0 started, EHCI 1.00
[    0.965205] usb usb1: New USB device found, idVendor=1d6b, idProduct=0002
[    0.966515] usb usb1: New USB device strings: Mfr=3, Product=2, SerialNumber=1
[    0.967779] usb usb1: Product: EHCI Host Controller
[    0.968703] usb usb1: Manufacturer: Linux 4.15.0-136-generic ehci_hcd
[    0.969927] usb usb1: SerialNumber: 0000:00:0b.0
[    0.971126] hub 1-0:1.0: USB hub found
[    0.971944] hub 1-0:1.0: 12 ports detected
[    0.973169] ehci-platform: EHCI generic platform driver
[    0.974268] ohci_hcd: USB 1.1 'Open' Host Controller (OHCI) Driver
[    0.975512] ohci-pci: OHCI PCI platform driver
[    0.977399] ohci-pci 0000:00:06.0: OHCI PCI host controller
[    0.978526] ohci-pci 0000:00:06.0: new USB bus registered, assigned bus number 2
[    0.980182] ohci-pci 0000:00:06.0: irq 22, io mem 0xf0804000
[    1.046729] usb usb2: New USB device found, idVendor=1d6b, idProduct=0001
[    1.048871] usb usb2: New USB device strings: Mfr=3, Product=2, SerialNumber=1
[    1.051095] usb usb2: Product: OHCI PCI host controller
[    1.052722] usb usb2: Manufacturer: Linux 4.15.0-136-generic ohci_hcd
[    1.054661] usb usb2: SerialNumber: 0000:00:06.0
[    1.056564] hub 2-0:1.0: USB hub found
[    1.057129] hub 2-0:1.0: 12 ports detected
[    1.058048] ohci-platform: OHCI generic platform driver
[    1.058804] uhci_hcd: USB Universal Host Controller Interface driver
[    1.060329] xhci_hcd 0000:00:0c.0: xHCI Host Controller
[    1.061035] xhci_hcd 0000:00:0c.0: new USB bus registered, assigned bus number 3
[    1.063279] xhci_hcd 0000:00:0c.0: hcc params 0x04000000 hci version 0x100 quirks 0x000000000000b930
[    1.064895] usb usb3: New USB device found, idVendor=1d6b, idProduct=0002
[    1.065857] usb usb3: New USB device strings: Mfr=3, Product=2, SerialNumber=1
[    1.066974] usb usb3: Product: xHCI Host Controller
[    1.067704] usb usb3: Manufacturer: Linux 4.15.0-136-generic xhci-hcd
[    1.068690] usb usb3: SerialNumber: 0000:00:0c.0
[    1.069607] hub 3-0:1.0: USB hub found
[    1.070255] hub 3-0:1.0: 8 ports detected
[    1.071138] xhci_hcd 0000:00:0c.0: xHCI Host Controller
[    1.071875] xhci_hcd 0000:00:0c.0: new USB bus registered, assigned bus number 4
[    1.073000] xhci_hcd 0000:00:0c.0: Host supports USB 3.0  SuperSpeed
[    1.074005] usb usb4: New USB device found, idVendor=1d6b, idProduct=0003
[    1.074972] usb usb4: New USB device strings: Mfr=3, Product=2, SerialNumber=1
[    1.075964] usb usb4: Product: xHCI Host Controller
[    1.076765] usb usb4: Manufacturer: Linux 4.15.0-136-generic xhci-hcd
[    1.077818] usb usb4: SerialNumber: 0000:00:0c.0
[    1.078580] hub 4-0:1.0: USB hub found
[    1.079139] hub 4-0:1.0: 6 ports detected
[    1.079912] i8042: PNP: PS/2 Controller [PNP0303:PS2K,PNP0f03:PS2M] at 0x60,0x64 irq 1,12
[    1.081818] serio: i8042 KBD port at 0x60,0x64 irq 1
[    1.083577] serio: i8042 AUX port at 0x60,0x64 irq 12
[    1.085543] mousedev: PS/2 mouse device common for all mice
[    1.086634] input: AT Translated Set 2 keyboard as /devices/platform/i8042/serio0/input/input2
[    1.088306] rtc_cmos rtc_cmos: rtc core: registered rtc_cmos as rtc0
[    1.089873] rtc_cmos rtc_cmos: alarms up to one day, 114 bytes nvram
[    1.090723] i2c /dev entries driver
[    1.091277] device-mapper: uevent: version 1.0.3
[    1.092032] device-mapper: ioctl: 4.37.0-ioctl (2017-09-20) initialised: dm-devel@redhat.com
[    1.093241] ledtrig-cpu: registered to indicate activity on CPUs
[    1.094435] NET: Registered protocol family 10
[    1.099669] Segment Routing with IPv6
[    1.100398] NET: Registered protocol family 17
[    1.101051] Key type dns_resolver registered
[    1.101862] mce: Using 0 MCE banks
[    1.102383] RAS: Correctable Errors collector initialized.
[    1.103147] sched_clock: Marking stable (1101838118, 0)->(1219894955, -118056837)
[    1.104782] registered taskstats version 1
[    1.105417] Loading compiled-in X.509 certificates
[    1.108632] Loaded X.509 cert 'Build time autogenerated kernel key: c356b48d5f070be9e15fb09bbd57426939f0386e'
[    1.110139] zswap: loaded using pool lzo/zbud
[    1.115245] Key type big_key registered
[    1.115906] Key type trusted registered
[    1.118746] Key type encrypted registered
[    1.119435] AppArmor: AppArmor sha1 policy hashing enabled
[    1.120385] ima: No TPM chip found, activating TPM-bypass! (rc=-19)
[    1.121400] ima: Allocated hash algorithm: sha1
[    1.122175] evm: HMAC attrs: 0x1
[    1.123054]   Magic number: 13:428:680
[    1.123807] rtc_cmos rtc_cmos: setting system clock to 2021-03-02 11:39:16 UTC (1614685156)
[    1.125368] BIOS EDD facility v0.16 2004-Jun-25, 0 devices found
[    1.126452] EDD information not available.
[    1.129574] Freeing unused kernel image memory: 2440K
[    1.144145] Write protecting the kernel read-only data: 20480k
[    1.146391] Freeing unused kernel image memory: 2008K
[    1.147853] Freeing unused kernel image memory: 1868K
[    1.157597] x86/mm: Checked W+X mappings: passed, no W+X pages found.
[    1.158540] x86/mm: Checking user space page tables
[    1.165232] x86/mm: Checked W+X mappings: passed, no W+X pages found.
Loading, please wait...
starting version 237
[    1.246582] e1000: Intel(R) PRO/1000 Network Driver - version 7.3.21-k8-NAPI
[    1.247601] e1000: Copyright (c) 1999-2006 Intel Corporation.
[    1.249811] piix4_smbus 0000:00:07.0: SMBus Host Controller at 0x4100, revision 0
[    1.254308] Fusion MPT base driver 3.04.20
[    1.254924] Copyright (c) 1999-2008 LSI Corporation
[    1.275691] ACPI: Video Device [GFX0] (multi-head: yes  rom: no  post: no)
[    1.280157] Fusion MPT SPI Host driver 3.04.20
[    1.282357] input: Video Bus as /devices/LNXSYSTM:00/LNXSYBUS:00/PNP0A03:00/LNXVIDEO:00/input/input5
[    1.288469] AVX version of gcm_enc/dec engaged.
[    1.289216] AES CTR mode by8 optimization enabled
[    1.501492] input: ImExPS/2 Generic Explorer Mouse as /devices/platform/i8042/serio1/input/input4
[    1.643711] e1000 0000:00:03.0 eth0: (PCI:33MHz:32-bit) 02:54:31:68:18:3c
[    1.645071] e1000 0000:00:03.0 eth0: Intel(R) PRO/1000 Network Connection
[    1.647198] mptbase: ioc0: Initiating bringup
[    1.648939] e1000 0000:00:03.0 enp0s3: renamed from eth0
[    1.740396] ioc0: LSI53C1030 A0: Capabilities={Initiator}
[    1.988660] scsi host2: ioc0: LSI53C1030 A0, FwRev=00000000h, Ports=1, MaxQ=256, IRQ=20
[    2.156707] scsi 2:0:0:0: Direct-Access     VBOX     HARDDISK         1.0  PQ: 0 ANSI: 5
[    2.188092] scsi target2:0:0: Beginning Domain Validation
[    2.193155] scsi target2:0:0: Domain Validation skipping write tests
[    2.195100] scsi target2:0:0: Ending Domain Validation
[    2.196881] scsi target2:0:0: asynchronous
[    2.199472] scsi 2:0:1:0: Direct-Access     VBOX     HARDDISK         1.0  PQ: 0 ANSI: 5
[    2.232091] scsi target2:0:1: Beginning Domain Validation
[    2.237601] scsi target2:0:1: Domain Validation skipping write tests
[    2.240266] scsi target2:0:1: Ending Domain Validation
[    2.242148] scsi target2:0:1: asynchronous
[    2.245084] random: fast init done
[    2.250895] random: systemd-udevd: uninitialized urandom read (16 bytes read)
[    2.252630] random: systemd-udevd: uninitialized urandom read (16 bytes read)
[    2.254288] random: systemd-udevd: uninitialized urandom read (16 bytes read)
[    2.256414] sd 2:0:0:0: [sda] 83886080 512-byte logical blocks: (42.9 GB/40.0 GiB)
[    2.258263] sd 2:0:0:0: Attached scsi generic sg0 type 0
[    2.259529] sd 2:0:0:0: [sda] Write Protect is off
[    2.260874] sd 2:0:0:0: [sda] Incomplete mode parameter data
[    2.262183] sd 2:0:0:0: [sda] Assuming drive cache: write through
[    2.264410] sd 2:0:1:0: Attached scsi generic sg1 type 0
[    2.265747] sd 2:0:1:0: [sdb] 20480 512-byte logical blocks: (10.5 MB/10.0 MiB)
[    2.267347] sd 2:0:1:0: [sdb] Write Protect is off
[    2.268473] sd 2:0:1:0: [sdb] Incomplete mode parameter data
[    2.269505] sd 2:0:1:0: [sdb] Assuming drive cache: write through
[    2.271436]  sda: sda1
[    2.273262] sd 2:0:0:0: [sda] Attached SCSI disk
[    2.276139] sd 2:0:1:0: [sdb] Attached SCSI disk
Begin: Loading essential drivers ... [    3.700080] raid6: sse2x1   gen() 10329 MB/s
[    3.748435] raid6: sse2x1   xor()  7725 MB/s
[    3.796025] raid6: sse2x2   gen() 12636 MB/s
[    3.844413] raid6: sse2x2   xor()  8064 MB/s
[    3.896044] raid6: sse2x4   gen() 16469 MB/s
[    3.946077] raid6: sse2x4   xor()  9006 MB/s
[    3.946721] raid6: using algorithm sse2x4 gen() 16469 MB/s
[    3.947425] raid6: .... xor() 9006 MB/s, rmw enabled
[    3.948152] raid6: using ssse3x2 recovery algorithm
[    3.950758] xor: automatically using best checksumming function   avx       
[    3.954176] async_tx: api initialized (async)
done.
Begin: Running /scripts/init-premount ... done.
Begin: Mounting root file system ... Begin: Running /scripts/local-top ... done.
Begin: Running /scripts/local-premount ... [    4.007533] Btrfs loaded, crc32c=crc32c-intel
Scanning for Btrfs filesystems
done.
Warning: fsck not present, so skipping root file system
[    4.055823] EXT4-fs (sda1): mounted filesystem with ordered data mode. Opts: (null)
done.
Begin: Running /scripts/local-bottom ... done.
Begin: Running /scripts/init-bottom ... done.
[    4.325716] ip_tables: (C) 2000-2006 Netfilter Core Team
[    4.338460] systemd[1]: systemd 237 running in system mode. (+PAM +AUDIT +SELINUX +IMA +APPARMOR +SMACK +SYSVINIT +UTMP +LIBCRYPTSETUP +GCRYPT +GNUTLS +ACL +XZ +LZ4 +SECCOMP +BLKID +ELFUTILS +KMOD -IDN2 +IDN -PCRE2 default-hierarchy=hybrid)
[    4.341796] systemd[1]: Detected virtualization oracle.
[    4.342766] systemd[1]: Detected architecture x86-64.

Welcome to [1mUbuntu 18.04.5 LTS[0m!

[    4.350470] systemd[1]: Set hostname to <ubuntu-bionic>.
[    4.697779] systemd[1]: Reached target System Time Synchronized.
[[0;32m  OK  [0m] Reached target System Time Synchronized.
[    4.701348] systemd[1]: Created slice System Slice.
[[0;32m  OK  [0m] Created slice System Slice.
[    4.703161] systemd[1]: Listening on Journal Socket (/dev/log).
[[0;32m  OK  [0m] Listening on Journal Socket (/dev/log).
[    4.705435] systemd[1]: Listening on /dev/initctl Compatibility Named Pipe.
[[0;32m  OK  [0m] Listening on /dev/initctl Compatibility Named Pipe.
[    4.707643] systemd[1]: Listening on LVM2 poll daemon socket.
[[0;32m  OK  [0m] Listening on LVM2 poll daemon socket.
[    4.709717] systemd[1]: Created slice User and Session Slice.
[[0;32m  OK  [0m] Created slice User and Session Slice.
[[0;32m  OK  [0m] Reached target Slices.
[[0;32m  OK  [0m] Set up automount Arbitrary Executab…rmats File System Automount Point.
[[0;32m  OK  [0m] Listening on LVM2 metadata daemon socket.
[[0;32m  OK  [0m] Listening on udev Control Socket.
[[0;32m  OK  [0m] Started Forward Password Requests to Wall Directory Watch.
[[0;32m  OK  [0m] Listening on Device-mapper event daemon FIFOs.
[[0;32m  OK  [0m] Listening on Syslog Socket.
[[0;32m  OK  [0m] Reached target Swap.
[[0;32m  OK  [0m] Reached target User and Group Name Lookups.
[[0;32m  OK  [0m] Created slice system-serial\x2dgetty.slice.
[[0;32m  OK  [0m] Listening on Journal Audit Socket.
[[0;32m  OK  [0m] Listening on Journal Socket.
         Starting Monitoring of LVM2 mirrors…ng dmeventd or progress polling...
         Starting Create list of required st…ce nodes for the current kernel...
         Starting Load Kernel Modules...
         Starting Set the console keyboard layout...
         Mounting POSIX Message Queue File System...
         Starting Journal Service...
         Starting Remount Root and Kernel File Systems...
         Starting Uncomplicated firewall...
         Mounting Huge Pages File System...
         Mounting Kernel Debug File System...
[[0;32m  OK  [0m] Listening on Network Service Netlink Socket.
[[0;32m  OK  [0m] Listening on udev Kernel Socket.
         Starting udev Coldplug all Devices...
[[0;32m  OK  [0m] Started Create list of required sta…vice nodes for the current kernel.
[[0;32m  OK  [0m] Started LVM2 metadata daemon.
         Starting Create Static Device Nodes in /dev...
[[0;32m  OK  [0m] Started Uncomplicated firewall.
[[0;32m  OK  [0m] Started udev Coldplug all Devices.
[[0;32m  OK  [0m] Started Journal Service.
[[0;32m  OK  [0m] Started Create Static Device Nodes in /dev.
[    4.881336] Loading iSCSI transport class v2.0-870.
[    4.887826] iscsi: registered transport (tcp)
[    4.908356] iscsi: registered transport (iser)
[[0;32m  OK  [0m] Started Load Kernel Modules.
         Mounting FUSE Control File System...
         Starting Apply Kernel Variables...
         Mounting Kernel Configuration File System...
[[0;32m  OK  [0m] Mounted POSIX Message Queue File System.
[[0;32m  OK  [0m] Mounted Huge Pages File System.
[[0;32m  OK  [0m] Mounted Kernel Debug File System.
[[0;32m  OK  [0m] Mounted Kernel Configuration File System.
[[0;32m  OK  [0m] Mounted FUSE Control File System.
[[0;32m  OK  [0m] Started Remount Root and Kernel File Systems.
         Starting udev Kernel Device Manager...
         Starting Load/Save Random Seed...
         Starting Flush Journal to Persistent Storage...
[[0;32m  OK  [0m] Started Monitoring of LVM2 mirrors,…sing dmeventd or progress polling.
[[0;32m  OK  [0m] Started Apply Kernel Variables.
[[0;32m  OK  [0m] Started Load/Save Random Seed.
[[0;32m  OK  [0m] Started udev Kernel Device Manager.
[[0;32m  OK  [0m] Started Set the console keyboard layout.
[[0;32m  OK  [0m] Started Dispatch Password Requests to Console Directory Watch.
[[0;32m  OK  [0m] Reached target Local Encrypted Volumes.
[[0;32m  OK  [0m] Reached target Local File Systems (Pre).
[[0;32m  OK  [0m] Reached target Local File Systems.
         Starting Tell Plymouth To Write Out Runtime Data...
         Starting ebtables ruleset management...
         Starting AppArmor initialization...
         Starting Enable support for additional executable binary formats...
         Starting Set console font and keymap...
[[0;32m  OK  [0m] Started Flush Journal to Persistent Storage.
         Starting Create Volatile Files and Directories...
[[0;32m  OK  [0m] Started Tell Plymouth To Write Out Runtime Data.
[[0;32m  OK  [0m] Started Set console font and keymap.
         Mounting Arbitrary Executable File Formats File System...
[[0;32m  OK  [0m] Started Create Volatile Files and Directories.
         Starting Update UTMP about System Boot/Shutdown...
[[0;32m  OK  [0m] Mounted Arbitrary Executable File Formats File System.
[[0;32m  OK  [0m] Started Update UTMP about System Boot/Shutdown.
[[0;32m  OK  [0m] Started Enable support for additional executable binary formats.
[[0;32m  OK  [0m] Started ebtables ruleset management.
[[0;32m  OK  [0m] Started AppArmor initialization.
         Starting Initial cloud-init job (pre-networking)...
         Starting Load AppArmor profiles managed internally by snapd...
[[0;32m  OK  [0m] Started Load AppArmor profiles managed internally by snapd.
[[0;32m  OK  [0m] Found device /dev/ttyS0.
[[0;32m  OK  [0m] Listening on Load/Save RF Kill Switch Status /dev/rfkill Watch.
[    6.152104] snd_intel8x0 0000:00:05.0: measure - unreliable DMA position..
[    6.528097] snd_intel8x0 0000:00:05.0: measure - unreliable DMA position..
[    6.908063] snd_intel8x0 0000:00:05.0: measure - unreliable DMA position..
[[0;32m  OK  [0m] Reached target Sound Card.
[    7.082146] cloud-init[533]: Cloud-init v. 20.4.1-0ubuntu1~18.04.1 running 'init-local' at Tue, 02 Mar 2021 11:39:22 +0000. Up 6.84 seconds.
[[0;32m  OK  [0m] Started Initial cloud-init job (pre-networking).
[[0;32m  OK  [0m] Reached target Network (Pre).
         Starting Network Service...
[[0;32m  OK  [0m] Started Network Service.
         Starting Network Name Resolution...
         Starting Wait for Network to be Configured...
[[0;32m  OK  [0m] Started Network Name Resolution.
[[0;32m  OK  [0m] Reached target Host and Network Name Lookups.
[[0;32m  OK  [0m] Reached target Network.
[[0;32m  OK  [0m] Started Wait for Network to be Configured.
         Starting Initial cloud-init job (metadata service crawler)...
[    9.613208] cloud-init[693]: Cloud-init v. 20.4.1-0ubuntu1~18.04.1 running 'init' at Tue, 02 Mar 2021 11:39:24 +0000. Up 9.46 seconds.
[    9.614625] cloud-init[693]: ci-info: ++++++++++++++++++++++++++++++++++++++Net device info++++++++++++++++++++++++++++++++++++++
[    9.615754] cloud-init[693]: ci-info: +--------+------+----------------------------+---------------+--------+-------------------+
[    9.616952] cloud-init[693]: ci-info: | Device |  Up  |          Address           |      Mask     | Scope  |     Hw-Address    |
[    9.618084] cloud-init[693]: ci-info: +--------+------+----------------------------+---------------+--------+-------------------+
[    9.619193] cloud-init[693]: ci-info: | enp0s3 | True |         10.0.2.15          | 255.255.255.0 | global | 02:54:31:68:18:3c |
[    9.620623] cloud-init[693]: ci-info: | enp0s3 | True | fe80::54:31ff:fe68:183c/64 |       .       |  link  | 02:54:31:68:18:3c |
[    9.621787] cloud-init[693]: ci-info: |   lo   | True |         127.0.0.1          |   255.0.0.0   |  host  |         .         |
[    9.623135] cloud-init[693]: ci-info: |   lo   | True |          ::1/128           |       .       |  host  |         .         |
[    9.624343] cloud-init[693]: ci-info: +--------+------+----------------------------+---------------+--------+-------------------+
[    9.625714] cloud-init[693]: ci-info: ++++++++++++++++++++++++++++Route IPv4 info+++++++++++++++++++++++++++++
[    9.626764] cloud-init[693]: ci-info: +-------+-------------+----------+-----------------+-----------+-------+
[    9.627808] cloud-init[693]: ci-info: | Route | Destination | Gateway  |     Genmask     | Interface | Flags |
[    9.628818] cloud-init[693]: ci-info: +-------+-------------+----------+-----------------+-----------+-------+
[    9.629837] cloud-init[693]: ci-info: |   0   |   0.0.0.0   | 10.0.2.2 |     0.0.0.0     |   enp0s3  |   UG  |
[    9.630933] cloud-init[693]: ci-info: |   1   |   10.0.2.0  | 0.0.0.0  |  255.255.255.0  |   enp0s3  |   U   |
[    9.632009] cloud-init[693]: ci-info: |   2   |   10.0.2.2  | 0.0.0.0  | 255.255.255.255 |   enp0s3  |   UH  |
[    9.633593] cloud-init[693]: ci-info: +-------+-------------+----------+-----------------+-----------+-------+
[    9.634562] cloud-init[693]: ci-info: +++++++++++++++++++Route IPv6 info+++++++++++++++++++
[    9.635770] cloud-init[693]: ci-info: +-------+-------------+---------+-----------+-------+
[    9.648193] cloud-init[693]: ci-info: | Route | Destination | Gateway | Interface | Flags |
[    9.664177] cloud-init[693]: ci-info: +-------+-------------+---------+-----------+-------+
[    9.664980] cloud-init[693]: ci-info: |   1   |  fe80::/64  |    ::   |   enp0s3  |   U   |
[    9.665872] cloud-init[693]: ci-info: |   3   |    local    |    ::   |   enp0s3  |   U   |
[    9.676347] cloud-init[693]: ci-info: |   4   |   ff00::/8  |    ::   |   enp0s3  |   U   |
[    9.677671] cloud-init[693]: ci-info: +-------+-------------+---------+-----------+-------+
[[0;32m  OK  [0m] Started Initial cloud-init job (metadata service crawler).
[[0;32m  OK  [0m] Reached target Network is Online.
[[0;32m  OK  [0m] Reached target Remote File Systems (Pre).
[[0;32m  OK  [0m] Reached target Remote File Systems.
         Starting Availability of block devices...
[[0;32m  OK  [0m] Reached target System Initialization.
[[0;32m  OK  [0m] Started ACPI Events Check.
[[0;32m  OK  [0m] Started Daily apt download activities.
[[0;32m  OK  [0m] Listening on D-Bus System Message Bus Socket.
[[0;32m  OK  [0m] Listening on Open-iSCSI iscsid Socket.
         Starting Socket activation for snappy daemon.
[[0;32m  OK  [0m] Started Daily apt upgrade and clean activities.
[[0;32m  OK  [0m] Started Daily Cleanup of Temporary Directories.
[[0;32m  OK  [0m] Started Message of the Day.
[[0;32m  OK  [0m] Listening on UUID daemon activation socket.
[[0;32m  OK  [0m] Reached target Paths.
[[0;32m  OK  [0m] Listening on ACPID Listen Socket.
[[0;32m  OK  [0m] Started Discard unused blocks once a week.
[[0;32m  OK  [0m] Reached target Timers.
         Starting LXD - unix socket.
[[0;32m  OK  [0m] Reached target Cloud-config availability.
[[0;32m  OK  [0m] Started Availability of block devices.
[[0;32m  OK  [0m] Listening on Socket activation for snappy daemon.
[[0;32m  OK  [0m] Listening on LXD - unix socket.
[[0;32m  OK  [0m] Reached target Sockets.
[[0;32m  OK  [0m] Reached target Basic System.
[[0;32m  OK  [0m] Started Regular background program processing daemon.
         Starting Thermal Daemon Service...
         Starting LSB: Record successful boot for GRUB...
         Starting Login Service...
         Starting System Logging Service...
         Starting Virtualbox guest utils...
         Starting LXD - container startup/shutdown...
         Starting LSB: automatic crash report generation...
         Starting Snap Daemon...
         Starting LSB: Mono XSP4...
[[0;32m  OK  [0m] Started FUSE filesystem for LXC.
[[0;32m  OK  [0m] Started D-Bus System Message Bus.
[[0;32m  OK  [0m] Started Login Service.
[[0;32m  OK  [0m] Started Unattended Upgrades Shutdown.
         Starting Accounts Service...
[[0;32m  OK  [0m] Started Deferred execution scheduler.
         Starting Dispatcher daemon for systemd-networkd...
[[0;32m  OK  [0m] Started irqbalance daemon.
         Starting Permit User Sessions...
         Starting OpenBSD Secure Shell server...
[[0;32m  OK  [0m] Started System Logging Service.
[[0;32m  OK  [0m] Started Thermal Daemon Service.
[[0;32m  OK  [0m] Started Permit User Sessions.
         Starting Authorization Manager...
         Starting Hold until boot process finishes up...
         Starting Terminate Plymouth Boot Screen...
[[0;32m  OK  [0m] Started Hold until boot process finishes up.
[[0;32m  OK  [0m] Started Serial Getty on ttyS0.
         Starting Set console scheme...
[[0;32m  OK  [0m] Started Terminate Plymouth Boot Screen.
[[0;32m  OK  [0m] Started LSB: automatic crash report generation.
[[0;32m  OK  [0m] Started Authorization Manager.
[[0;32m  OK  [0m] Started Accounts Service.
[[0;32m  OK  [0m] Started LSB: Record successful boot for GRUB.
[[0;32m  OK  [0m] Started Set console scheme.
[[0;32m  OK  [0m] Created slice system-getty.slice.
[[0;32m  OK  [0m] Started Getty on tty1.
[[0;32m  OK  [0m] Reached target Login Prompts.
[[0;32m  OK  [0m] Started OpenBSD Secure Shell server.
[[0;32m  OK  [0m] Started LSB: Mono XSP4.
[[0;32m  OK  [0m] Started LXD - container startup/shutdown.
[[0;32m  OK  [0m] Started Virtualbox guest utils.
[[0;32m  OK  [0m] Started Snap Daemon.
         Starting Wait until snapd is fully seeded...
[[0;32m  OK  [0m] Started Wait until snapd is fully seeded.
         Starting Apply the settings specified in cloud-config...
[[0;32m  OK  [0m] Started Dispatcher daemon for systemd-networkd.
[[0;32m  OK  [0m] Reached target Multi-User System.
[[0;32m  OK  [0m] Reached target Graphical Interface.
         Starting Update UTMP about System Runlevel Changes...
[[0;32m  OK  [0m] Started Update UTMP about System Runlevel Changes.
[[0;32m  OK  [0m] Created slice User Slice of vagrant.
         Starting User Manager for UID 1000...
[[0;32m  OK  [0m] Started Session 1 of user vagrant.
[[0;32m  OK  [0m] Started User Manager for UID 1000.
[   11.852067] cloud-init[1158]: Cloud-init v. 20.4.1-0ubuntu1~18.04.1 running 'modules:config' at Tue, 02 Mar 2021 11:39:27 +0000. Up 11.73 seconds.
[[0;32m  OK  [0m] Started Apply the settings specified in cloud-config.
         Starting Execute cloud user/final scripts...
[   12.544559] cloud-init[1265]: Cloud-init v. 20.4.1-0ubuntu1~18.04.1 running 'modules:final' at Tue, 02 Mar 2021 11:39:27 +0000. Up 12.42 seconds.
[   12.546104] cloud-init[1265]: Cloud-init v. 20.4.1-0ubuntu1~18.04.1 finished at Tue, 02 Mar 2021 11:39:27 +0000. Datasource DataSourceNoCloud [seed=/dev/sdb][dsmode=net].  Up 12.53 seconds
[[0;32m  OK  [0m] Started Execute cloud user/final scripts.
[[0;32m  OK  [0m] Reached target Cloud-init target.

Ubuntu 18.04.5 LTS ubuntu-bionic ttyS0

ubuntu-bionic login: 